[0.000000] (-) TimerEvent: {}
[0.000666] (stage1) JobQueued: {'identifier': 'stage1', 'dependencies': OrderedDict()}
[0.000703] (stage1) JobStarted: {'identifier': 'stage1'}
[0.100169] (-) TimerEvent: {}
[0.200411] (-) TimerEvent: {}
[0.300647] (-) TimerEvent: {}
[0.400886] (-) TimerEvent: {}
[0.501125] (-) TimerEvent: {}
[0.550835] (stage1) Command: {'cmd': ['/usr/bin/python3', 'setup.py', 'develop', '--editable', '--build-directory', '/home/soumoroy/cosmo_logic_ws/build/stage1/build', '--no-deps', 'install_data'], 'cwd': '/home/soumoroy/cosmo_logic_ws/build/stage1', 'env': {'LESS_TERMCAP_se': '\x1b[0m', 'PROFILEHOME': '', 'KDE_FULL_SESSION': 'true', 'HISTFILESIZE': '10000', 'LANGUAGE': 'en_IN:en', 'USER': 'soumoroy', 'LESS_TERMCAP_ue': '\x1b[0m', 'XDG_SEAT': 'seat0', 'STARSHIP_SHELL': 'bash', 'XDG_SESSION_TYPE': 'x11', 'XCURSOR_SIZE': '24', 'KONSOLE_VERSION': '211203', 'SHLVL': '1', 'LD_LIBRARY_PATH': '/home/soumoroy/colcon_ws/install/realsense_gazebo_plugin/lib:/home/soumoroy/colcon_ws/install/gazebo_ros2_control/lib:/usr/lib/x86_64-linux-gnu/gazebo-11/plugins:/opt/ros/humble/opt/rviz_ogre_vendor/lib:/opt/ros/humble/lib/x86_64-linux-gnu:/opt/ros/humble/lib:/usr/share/gazebo-11/../../lib/x86_64-linux-gnu/gazebo-11/plugins::/usr/share/gazebo-11/../../lib/x86_64-linux-gnu/gazebo-11/plugins:/usr/share/gazebo-11/../../lib/x86_64-linux-gnu/gazebo-11/plugins::/usr/share/gazebo-11/../../lib/x86_64-linux-gnu/gazebo-11/plugins:/usr/share/gazebo-11/../../lib/x86_64-linux-gnu/gazebo-11/plugins:/usr/share/gazebo-11/../../lib/x86_64-linux-gnu/gazebo-11/plugins::/usr/share/gazebo-11/../../lib/x86_64-linux-gnu/gazebo-11/plugins:/usr/share/gazebo-11/../../lib/x86_64-linux-gnu/gazebo-11/plugins:/usr/share/gazebo-11/../../lib/x86_64-linux-gnu/gazebo-11/plugins:/usr/share/gazebo-11/../../lib/x86_64-linux-gnu/gazebo-11/plugins:', 'HOME': '/home/soumoroy', 'KDE_APPLICATIONS_AS_SCOPE': '1', 'OLDPWD': '/home/soumoroy/cosmo_logic_ws/stage1', 'DESKTOP_SESSION': 'plasma', 'GAZEBO_MASTER_URI': 'http://localhost:11345', 'ROS_PYTHON_VERSION': '3', 'SHELL_SESSION_ID': '93603fc23e9e4415812e0d06aa851fd1', 'GTK_RC_FILES': '/etc/gtk/gtkrc:/home/soumoroy/.gtkrc:/home/soumoroy/.config/gtkrc', 'GTK_MODULES': 'gail:atk-bridge', 'KDE_SESSION_VERSION': '5', 'LESS_TERMCAP_so': '\x1b[01;44;33m', 'KONSOLE_DBUS_SESSION': '/Sessions/1', 'SYSTEMD_EXEC_PID': '2232', 'VISUAL': 'nvim', 'DBUS_SESSION_BUS_ADDRESS': 'unix:path=/run/user/1000/bus', 'COLORTERM': 'truecolor', 'KONSOLE_DBUS_WINDOW': '/Windows/1', '_colcon_cd_root': '/opt/ros/humble/', 'IM_CONFIG_PHASE': '1', 'COLCON_PREFIX_PATH': '/home/soumoroy/colcon_ws/install:/home/soumoroy/ros2_ws/install', 'ROS_DISTRO': 'humble', 'GTK_IM_MODULE': 'ibus', 'LOGNAME': 'soumoroy', 'WINDOWID': '146800647', 'LESS_TERMCAP_us': '\x1b[01;32m', 'QT_AUTO_SCREEN_SCALE_FACTOR': '0', '_': '/usr/bin/colcon', 'ROS_VERSION': '2', 'XDG_SESSION_CLASS': 'user', 'COLORFGBG': '15;0', 'USERNAME': 'soumoroy', 'TERM': 'xterm-256color', 'XDG_SESSION_ID': '2', 'GAZEBO_MODEL_PATH': '/usr/share/gazebo-11/../../share/gazebo-11/models:/usr/share/gazebo-11/../../share/gazebo-11/models:/home/soumoroy/colcon_ws/install/aws_robomaker_small_warehouse_world/share/aws_robomaker_small_warehouse_world/worlds:/home/soumoroy/colcon_ws/install/aws_robomaker_small_warehouse_world/share/aws_robomaker_small_warehouse_world/models:/usr/share/gazebo-11/../../share/gazebo-11/models:/usr/share/gazebo-11/../../share/gazebo-11/models:', 'AUTOJUMP_ERROR_PATH': '/home/soumoroy/.local/share/autojump/errors.log', 'ROS_LOCALHOST_ONLY': '0', 'CADENCE_AUTO_STARTED': 'true', 'HISTCONTROL': 'erasedups:ignoredups:ignorespace', 'WINDOWPATH': '2', 'GTK2_RC_FILES': '/etc/gtk-2.0/gtkrc:/home/soumoroy/.gtkrc-2.0:/home/soumoroy/.config/gtkrc-2.0', 'OGRE_RESOURCE_PATH': '/usr/lib/x86_64-linux-gnu/OGRE-1.9.0', 'PATH': '/home/soumoroy/.local/bin:/opt/ros/humble/bin:/usr/local/sbin:/usr/local/bin:/usr/sbin:/usr/bin:/sbin:/bin:/usr/games:/usr/local/games:/snap/bin:/snap/bin:/home/soumoroy/.local/bin:/home/soumoroy/.cargo/bin:/home/soumoroy/.local/bin:/home/soumoroy/.cargo/bin', 'LADSPA_PATH': '/home/soumoroy/.ladspa:/usr/lib/ladspa:/usr/local/lib/ladspa', 'XDG_RUNTIME_DIR': '/run/user/1000', 'XCURSOR_THEME': 'breeze_cursors', 'DISPLAY': ':1', 'HISTSIZE': '500', 'LANG': 'en_IN', 'XDG_CURRENT_DESKTOP': 'KDE', 'RMW_IMPLEMENTATION': 'rmw_cyclonedds_cpp', 'XMODIFIERS': '@im=ibus', 'XDG_SESSION_DESKTOP': 'plasma', 'XAUTHORITY': '/run/user/1000/gdm/Xauthority', 'LS_COLORS': 'no=00:fi=00:di=00;34:ln=01;36:pi=40;33:so=01;35:do=01;35:bd=40;33;01:cd=40;33;01:or=40;31;01:ex=01;32:*.tar=01;31:*.tgz=01;31:*.arj=01;31:*.taz=01;31:*.lzh=01;31:*.zip=01;31:*.z=01;31:*.Z=01;31:*.gz=01;31:*.bz2=01;31:*.deb=01;31:*.rpm=01;31:*.jar=01;31:*.jpg=01;35:*.jpeg=01;35:*.gif=01;35:*.bmp=01;35:*.pbm=01;35:*.pgm=01;35:*.ppm=01;35:*.tga=01;35:*.xbm=01;35:*.xpm=01;35:*.tif=01;35:*.tiff=01;35:*.png=01;35:*.mov=01;35:*.mpg=01;35:*.mpeg=01;35:*.avi=01;35:*.fli=01;35:*.gl=01;35:*.dl=01;35:*.xcf=01;35:*.xwd=01;35:*.ogg=01;35:*.mp3=01;35:*.wav=01;35:*.xml=00;31:', 'AMENT_PREFIX_PATH': '/home/soumoroy/colcon_ws/install/ur_description:/home/soumoroy/colcon_ws/install/realsense_gazebo_plugin:/home/soumoroy/colcon_ws/install/pymoveit2:/home/soumoroy/colcon_ws/install/gazebo_ros2_control:/home/soumoroy/colcon_ws/install/eyantra_warehouse:/home/soumoroy/colcon_ws/install/ebot_nav2:/home/soumoroy/colcon_ws/install/ebot_description:/home/soumoroy/colcon_ws/install/aws_robomaker_small_warehouse_world:/home/soumoroy/ros2_ws/install/my_robot_controller:/opt/ros/humble', 'SHELL': '/bin/bash', 'QT_ACCESSIBILITY': '1', 'GDMSESSION': 'plasma', 'KONSOLE_DBUS_SERVICE': ':1.1919', 'LESS_TERMCAP_mb': '\x1b[01;31m', 'LV2_PATH': '/home/soumoroy/.lv2:/usr/lib/lv2:/usr/local/lib/lv2', 'GPG_AGENT_INFO': '/run/user/1000/gnupg/S.gpg-agent:0:1', 'GAZEBO_RESOURCE_PATH': '/usr/share/gazebo-11/../../share/gazebo-11:/usr/share/gazebo-11/../../share/gazebo-11:/usr/share/gazebo-11/../../share/gazebo-11:/usr/share/gazebo-11/../../share/gazebo-11:', 'GAZEBO_MODEL_DATABASE_URI': 'http://models.gazebosim.org', 'LESS_TERMCAP_md': '\x1b[01;31m', 'QT_IM_MODULE': 'ibus', 'XDG_VTNR': '2', 'PWD': '/home/soumoroy/cosmo_logic_ws/build/stage1', 'CLICOLOR': '1', 'LESS_TERMCAP_me': '\x1b[0m', 'TURTLEBOT3_MODEL': 'waffle', 'LC_ALL': 'en_US.UTF-8', 'XDG_CONFIG_DIRS': '/home/soumoroy/.config/kdedefaults:/etc/xdg/xdg-plasma:/etc/xdg:/usr/share/kubuntu-default-settings/kf5-settings', 'GAZEBO_PLUGIN_PATH': '/usr/share/gazebo-11/../../lib/x86_64-linux-gnu/gazebo-11/plugins:/usr/share/gazebo-11/../../lib/x86_64-linux-gnu/gazebo-11/plugins:/usr/share/gazebo-11/../../lib/x86_64-linux-gnu/gazebo-11/plugins:/usr/share/gazebo-11/../../lib/x86_64-linux-gnu/gazebo-11/plugins:', 'CLUTTER_IM_MODULE': 'ibus', 'XDG_DATA_DIRS': '/usr/share/plasma:/usr/share/gnome:/home/soumoroy/.local/share/flatpak/exports/share:/var/lib/flatpak/exports/share:/usr/local/share/:/usr/share/:/var/lib/snapd/desktop', 'STARSHIP_SESSION_KEY': '8582317288407644', 'PYTHONPATH': '/home/soumoroy/cosmo_logic_ws/build/stage1/prefix_override:/home/soumoroy/cosmo_logic_ws/install/stage1/lib/python3.10/site-packages:/home/soumoroy/colcon_ws/install/pymoveit2/local/lib/python3.10/dist-packages:/home/soumoroy/ros2_ws/build/my_robot_controller:/home/soumoroy/ros2_ws/install/my_robot_controller/lib/python3.10/site-packages:/opt/ros/humble/lib/python3.10/site-packages:/opt/ros/humble/local/lib/python3.10/dist-packages', 'AUTOJUMP_SOURCED': '1', 'DSSI_PATH': '/home/soumoroy/.dssi:/usr/lib/dssi:/usr/local/lib/dssi', 'VST_PATH': '/home/soumoroy/.vst:/usr/lib/vst:/usr/local/lib/vst', 'KDE_SESSION_UID': '1000', 'COLCON': '1', 'EDITOR': 'nvim', 'CMAKE_PREFIX_PATH': '/home/soumoroy/colcon_ws/install/ur_description:/home/soumoroy/colcon_ws/install/realsense_gazebo_plugin:/home/soumoroy/colcon_ws/install/pymoveit2:/home/soumoroy/colcon_ws/install/gazebo_ros2_control:/home/soumoroy/colcon_ws/install/eyantra_warehouse:/home/soumoroy/colcon_ws/install/ebot_nav2:/home/soumoroy/colcon_ws/install/ebot_description:/home/soumoroy/colcon_ws/install/aws_robomaker_small_warehouse_world'}, 'shell': False}
[0.601223] (-) TimerEvent: {}
[0.701464] (-) TimerEvent: {}
[0.757401] (stage1) StdoutLine: {'line': b'running develop\n'}
[0.801547] (-) TimerEvent: {}
[0.897505] (stage1) StdoutLine: {'line': b'running egg_info\n'}
[0.897674] (stage1) StdoutLine: {'line': b'creating stage1.egg-info\n'}
[0.897792] (stage1) StdoutLine: {'line': b'writing stage1.egg-info/PKG-INFO\n'}
[0.897972] (stage1) StdoutLine: {'line': b'writing dependency_links to stage1.egg-info/dependency_links.txt\n'}
[0.898121] (stage1) StdoutLine: {'line': b'writing entry points to stage1.egg-info/entry_points.txt\n'}
[0.898205] (stage1) StdoutLine: {'line': b'writing requirements to stage1.egg-info/requires.txt\n'}
[0.898259] (stage1) StdoutLine: {'line': b'writing top-level names to stage1.egg-info/top_level.txt\n'}
[0.899756] (stage1) StdoutLine: {'line': b"writing manifest file 'stage1.egg-info/SOURCES.txt'\n"}
[0.900770] (stage1) StdoutLine: {'line': b"reading manifest file 'stage1.egg-info/SOURCES.txt'\n"}
[0.901158] (stage1) StdoutLine: {'line': b"writing manifest file 'stage1.egg-info/SOURCES.txt'\n"}
[0.901578] (-) TimerEvent: {}
[0.902085] (stage1) StdoutLine: {'line': b'running build_ext\n'}
[0.902269] (stage1) StdoutLine: {'line': b'Creating /home/soumoroy/cosmo_logic_ws/install/stage1/lib/python3.10/site-packages/stage1.egg-link (link to .)\n'}
[0.902754] (stage1) StdoutLine: {'line': b'\n'}
[0.902849] (stage1) StdoutLine: {'line': b'Installed /home/soumoroy/cosmo_logic_ws/build/stage1\n'}
[0.902915] (stage1) StdoutLine: {'line': b'running install_data\n'}
[0.903012] (stage1) StdoutLine: {'line': b'creating /home/soumoroy/cosmo_logic_ws/install/stage1/share/ament_index\n'}
[0.903096] (stage1) StdoutLine: {'line': b'creating /home/soumoroy/cosmo_logic_ws/install/stage1/share/ament_index/resource_index\n'}
[0.903160] (stage1) StdoutLine: {'line': b'creating /home/soumoroy/cosmo_logic_ws/install/stage1/share/ament_index/resource_index/packages\n'}
[0.903208] (stage1) StdoutLine: {'line': b'copying resource/stage1 -> /home/soumoroy/cosmo_logic_ws/install/stage1/share/ament_index/resource_index/packages\n'}
[0.903256] (stage1) StdoutLine: {'line': b'copying package.xml -> /home/soumoroy/cosmo_logic_ws/install/stage1/share/stage1\n'}
[0.925924] (stage1) CommandEnded: {'returncode': 0}
[0.937433] (stage1) JobEnded: {'identifier': 'stage1', 'rc': 0}
[0.938219] (-) EventReactorShutdown: {}
