[0.264s] DEBUG:colcon:Command line arguments: ['/usr/bin/colcon', 'build', '--symlink-install']
[0.264s] DEBUG:colcon:Parsed command line arguments: Namespace(log_base=None, log_level=None, verb_name='build', build_base='build', install_base='install', merge_install=False, symlink_install=True, test_result_base=None, continue_on_error=False, executor='parallel', parallel_workers=16, event_handlers=None, ignore_user_meta=False, metas=['./colcon.meta'], base_paths=['.'], packages_ignore=None, packages_ignore_regex=None, paths=None, packages_up_to=None, packages_up_to_regex=None, packages_above=None, packages_above_and_dependencies=None, packages_above_depth=None, packages_select_by_dep=None, packages_skip_by_dep=None, packages_skip_up_to=None, packages_select_build_failed=False, packages_skip_build_finished=False, packages_select_test_failures=False, packages_skip_test_passed=False, packages_select=None, packages_skip=None, packages_select_regex=None, packages_skip_regex=None, packages_start=None, packages_end=None, allow_overriding=[], cmake_args=None, cmake_target=None, cmake_target_skip_unavailable=False, cmake_clean_cache=False, cmake_clean_first=False, cmake_force_configure=False, ament_cmake_args=None, catkin_cmake_args=None, catkin_skip_building_tests=False, verb_parser=<colcon_defaults.argument_parser.defaults.DefaultArgumentsDecorator object at 0x7fe2a273d030>, verb_extension=<colcon_core.verb.build.BuildVerb object at 0x7fe2a273cac0>, main=<bound method BuildVerb.main of <colcon_core.verb.build.BuildVerb object at 0x7fe2a273cac0>>)
[0.282s] Level 1:colcon.colcon_core.package_discovery:discover_packages(colcon_meta) check parameters
[0.282s] Level 1:colcon.colcon_core.package_discovery:discover_packages(recursive) check parameters
[0.282s] Level 1:colcon.colcon_core.package_discovery:discover_packages(ignore) check parameters
[0.282s] Level 1:colcon.colcon_core.package_discovery:discover_packages(path) check parameters
[0.282s] Level 1:colcon.colcon_core.package_discovery:discover_packages(colcon_meta) discover
[0.282s] Level 1:colcon.colcon_core.package_discovery:discover_packages(recursive) discover
[0.282s] INFO:colcon.colcon_core.package_discovery:Crawling recursively for packages in '/home/soumoroy/cosmo_logic_ws'
[0.282s] Level 1:colcon.colcon_core.package_identification:_identify(.) by extensions ['ignore', 'ignore_ament_install']
[0.282s] Level 1:colcon.colcon_core.package_identification:_identify(.) by extension 'ignore'
[0.282s] Level 1:colcon.colcon_core.package_identification:_identify(.) by extension 'ignore_ament_install'
[0.282s] Level 1:colcon.colcon_core.package_identification:_identify(.) by extensions ['colcon_pkg']
[0.282s] Level 1:colcon.colcon_core.package_identification:_identify(.) by extension 'colcon_pkg'
[0.282s] Level 1:colcon.colcon_core.package_identification:_identify(.) by extensions ['colcon_meta']
[0.282s] Level 1:colcon.colcon_core.package_identification:_identify(.) by extension 'colcon_meta'
[0.282s] Level 1:colcon.colcon_core.package_identification:_identify(.) by extensions ['ros']
[0.282s] Level 1:colcon.colcon_core.package_identification:_identify(.) by extension 'ros'
[0.294s] Level 1:colcon.colcon_core.package_identification:_identify(.) by extensions ['cmake', 'python']
[0.294s] Level 1:colcon.colcon_core.package_identification:_identify(.) by extension 'cmake'
[0.294s] Level 1:colcon.colcon_core.package_identification:_identify(.) by extension 'python'
[0.294s] Level 1:colcon.colcon_core.package_identification:_identify(.) by extensions ['python_setup_py']
[0.294s] Level 1:colcon.colcon_core.package_identification:_identify(.) by extension 'python_setup_py'
[0.294s] Level 1:colcon.colcon_core.package_identification:_identify(build) by extensions ['ignore', 'ignore_ament_install']
[0.294s] Level 1:colcon.colcon_core.package_identification:_identify(build) by extension 'ignore'
[0.294s] Level 1:colcon.colcon_core.package_identification:_identify(build) ignored
[0.294s] Level 1:colcon.colcon_core.package_identification:_identify(install) by extensions ['ignore', 'ignore_ament_install']
[0.294s] Level 1:colcon.colcon_core.package_identification:_identify(install) by extension 'ignore'
[0.294s] Level 1:colcon.colcon_core.package_identification:_identify(install) ignored
[0.294s] Level 1:colcon.colcon_core.package_identification:_identify(log) by extensions ['ignore', 'ignore_ament_install']
[0.294s] Level 1:colcon.colcon_core.package_identification:_identify(log) by extension 'ignore'
[0.294s] Level 1:colcon.colcon_core.package_identification:_identify(log) ignored
[0.294s] Level 1:colcon.colcon_core.package_identification:_identify(stage1) by extensions ['ignore', 'ignore_ament_install']
[0.294s] Level 1:colcon.colcon_core.package_identification:_identify(stage1) by extension 'ignore'
[0.294s] Level 1:colcon.colcon_core.package_identification:_identify(stage1) by extension 'ignore_ament_install'
[0.294s] Level 1:colcon.colcon_core.package_identification:_identify(stage1) by extensions ['colcon_pkg']
[0.294s] Level 1:colcon.colcon_core.package_identification:_identify(stage1) by extension 'colcon_pkg'
[0.295s] Level 1:colcon.colcon_core.package_identification:_identify(stage1) by extensions ['colcon_meta']
[0.295s] Level 1:colcon.colcon_core.package_identification:_identify(stage1) by extension 'colcon_meta'
[0.295s] Level 1:colcon.colcon_core.package_identification:_identify(stage1) by extensions ['ros']
[0.295s] Level 1:colcon.colcon_core.package_identification:_identify(stage1) by extension 'ros'
[0.297s] DEBUG:colcon.colcon_core.package_identification:Package 'stage1' with type 'ros.ament_python' and name 'stage1'
[0.297s] Level 1:colcon.colcon_core.package_discovery:discover_packages(recursive) using defaults
[0.297s] Level 1:colcon.colcon_core.package_discovery:discover_packages(ignore) discover
[0.297s] Level 1:colcon.colcon_core.package_discovery:discover_packages(ignore) using defaults
[0.297s] Level 1:colcon.colcon_core.package_discovery:discover_packages(path) discover
[0.297s] Level 1:colcon.colcon_core.package_discovery:discover_packages(path) using defaults
[0.315s] Level 1:colcon.colcon_core.package_discovery:discover_packages(prefix_path) check parameters
[0.315s] Level 1:colcon.colcon_core.package_discovery:discover_packages(prefix_path) discover
[0.320s] DEBUG:colcon.colcon_installed_package_information.package_discovery:Found 8 installed packages in /home/soumoroy/colcon_ws/install
[0.321s] DEBUG:colcon.colcon_installed_package_information.package_discovery:Found 1 installed packages in /home/soumoroy/ros2_ws/install
[0.322s] DEBUG:colcon.colcon_installed_package_information.package_discovery:Found 387 installed packages in /opt/ros/humble
[0.324s] Level 1:colcon.colcon_core.package_discovery:discover_packages(prefix_path) using defaults
[0.387s] Level 5:colcon.colcon_core.verb:set package 'stage1' build argument 'cmake_args' from command line to 'None'
[0.387s] Level 5:colcon.colcon_core.verb:set package 'stage1' build argument 'cmake_target' from command line to 'None'
[0.387s] Level 5:colcon.colcon_core.verb:set package 'stage1' build argument 'cmake_target_skip_unavailable' from command line to 'False'
[0.387s] Level 5:colcon.colcon_core.verb:set package 'stage1' build argument 'cmake_clean_cache' from command line to 'False'
[0.387s] Level 5:colcon.colcon_core.verb:set package 'stage1' build argument 'cmake_clean_first' from command line to 'False'
[0.387s] Level 5:colcon.colcon_core.verb:set package 'stage1' build argument 'cmake_force_configure' from command line to 'False'
[0.387s] Level 5:colcon.colcon_core.verb:set package 'stage1' build argument 'ament_cmake_args' from command line to 'None'
[0.387s] Level 5:colcon.colcon_core.verb:set package 'stage1' build argument 'catkin_cmake_args' from command line to 'None'
[0.387s] Level 5:colcon.colcon_core.verb:set package 'stage1' build argument 'catkin_skip_building_tests' from command line to 'False'
[0.387s] DEBUG:colcon.colcon_core.verb:Building package 'stage1' with the following arguments: {'ament_cmake_args': None, 'build_base': '/home/soumoroy/cosmo_logic_ws/build/stage1', 'catkin_cmake_args': None, 'catkin_skip_building_tests': False, 'cmake_args': None, 'cmake_clean_cache': False, 'cmake_clean_first': False, 'cmake_force_configure': False, 'cmake_target': None, 'cmake_target_skip_unavailable': False, 'install_base': '/home/soumoroy/cosmo_logic_ws/install/stage1', 'merge_install': False, 'path': '/home/soumoroy/cosmo_logic_ws/stage1', 'symlink_install': True, 'test_result_base': None}
[0.388s] INFO:colcon.colcon_core.executor:Executing jobs using 'parallel' executor
[0.390s] DEBUG:colcon.colcon_parallel_executor.executor.parallel:run_until_complete
[0.390s] INFO:colcon.colcon_ros.task.ament_python.build:Building ROS package in '/home/soumoroy/cosmo_logic_ws/stage1' with build type 'ament_python'
[0.390s] Level 1:colcon.colcon_core.shell:create_environment_hook('stage1', 'ament_prefix_path')
[0.394s] INFO:colcon.colcon_core.plugin_system:Skipping extension 'colcon_core.shell.bat': Not used on non-Windows systems
[0.394s] INFO:colcon.colcon_core.shell:Creating environment hook '/home/soumoroy/cosmo_logic_ws/install/stage1/share/stage1/hook/ament_prefix_path.ps1'
[0.395s] INFO:colcon.colcon_core.shell:Creating environment descriptor '/home/soumoroy/cosmo_logic_ws/install/stage1/share/stage1/hook/ament_prefix_path.dsv'
[0.395s] INFO:colcon.colcon_core.shell:Creating environment hook '/home/soumoroy/cosmo_logic_ws/install/stage1/share/stage1/hook/ament_prefix_path.sh'
[0.397s] INFO:colcon.colcon_core.shell:Skip shell extension 'powershell' for command environment: Not usable outside of PowerShell
[0.397s] DEBUG:colcon.colcon_core.shell:Skip shell extension 'dsv' for command environment
[0.610s] INFO:colcon.colcon_core.task.python.build:Building Python package in '/home/soumoroy/cosmo_logic_ws/stage1'
[0.611s] INFO:colcon.colcon_core.shell:Skip shell extension 'powershell' for command environment: Not usable outside of PowerShell
[0.611s] DEBUG:colcon.colcon_core.shell:Skip shell extension 'dsv' for command environment
[0.942s] DEBUG:colcon.colcon_core.event_handler.log_command:Invoking command in '/home/soumoroy/cosmo_logic_ws/build/stage1': PYTHONPATH=/home/soumoroy/cosmo_logic_ws/build/stage1/prefix_override:/home/soumoroy/cosmo_logic_ws/install/stage1/lib/python3.10/site-packages:${PYTHONPATH} /usr/bin/python3 setup.py develop --editable --build-directory /home/soumoroy/cosmo_logic_ws/build/stage1/build --no-deps install_data
[1.314s] Level 1:colcon.colcon_core.shell:create_environment_hook('stage1', 'pythonpath_develop')
[1.316s] INFO:colcon.colcon_core.shell:Creating environment hook '/home/soumoroy/cosmo_logic_ws/build/stage1/share/stage1/hook/pythonpath_develop.ps1'
[1.316s] DEBUG:colcon.colcon_core.event_handler.log_command:Invoked command in '/home/soumoroy/cosmo_logic_ws/build/stage1' returned '0': PYTHONPATH=/home/soumoroy/cosmo_logic_ws/build/stage1/prefix_override:/home/soumoroy/cosmo_logic_ws/install/stage1/lib/python3.10/site-packages:${PYTHONPATH} /usr/bin/python3 setup.py develop --editable --build-directory /home/soumoroy/cosmo_logic_ws/build/stage1/build --no-deps install_data
[1.316s] INFO:colcon.colcon_core.shell:Creating environment descriptor '/home/soumoroy/cosmo_logic_ws/build/stage1/share/stage1/hook/pythonpath_develop.dsv'
[1.317s] INFO:colcon.colcon_core.shell:Creating environment hook '/home/soumoroy/cosmo_logic_ws/build/stage1/share/stage1/hook/pythonpath_develop.sh'
[1.321s] Level 1:colcon.colcon_core.environment:checking '/home/soumoroy/cosmo_logic_ws/install/stage1' for CMake module files
[1.321s] Level 1:colcon.colcon_core.environment:checking '/home/soumoroy/cosmo_logic_ws/install/stage1' for CMake config files
[1.321s] Level 1:colcon.colcon_core.environment:checking '/home/soumoroy/cosmo_logic_ws/install/stage1/lib'
[1.321s] Level 1:colcon.colcon_core.environment:checking '/home/soumoroy/cosmo_logic_ws/install/stage1/bin'
[1.321s] Level 1:colcon.colcon_core.environment:checking '/home/soumoroy/cosmo_logic_ws/install/stage1/lib/pkgconfig/stage1.pc'
[1.322s] Level 1:colcon.colcon_core.environment:checking '/home/soumoroy/cosmo_logic_ws/install/stage1/lib/python3.10/site-packages'
[1.322s] Level 1:colcon.colcon_core.shell:create_environment_hook('stage1', 'pythonpath')
[1.322s] INFO:colcon.colcon_core.shell:Creating environment hook '/home/soumoroy/cosmo_logic_ws/install/stage1/share/stage1/hook/pythonpath.ps1'
[1.323s] INFO:colcon.colcon_core.shell:Creating environment descriptor '/home/soumoroy/cosmo_logic_ws/install/stage1/share/stage1/hook/pythonpath.dsv'
[1.323s] INFO:colcon.colcon_core.shell:Creating environment hook '/home/soumoroy/cosmo_logic_ws/install/stage1/share/stage1/hook/pythonpath.sh'
[1.323s] Level 1:colcon.colcon_core.environment:checking '/home/soumoroy/cosmo_logic_ws/install/stage1/bin'
[1.323s] Level 1:colcon.colcon_core.environment:create_environment_scripts_only(stage1)
[1.324s] INFO:colcon.colcon_core.shell:Creating package script '/home/soumoroy/cosmo_logic_ws/install/stage1/share/stage1/package.ps1'
[1.325s] INFO:colcon.colcon_core.shell:Creating package descriptor '/home/soumoroy/cosmo_logic_ws/install/stage1/share/stage1/package.dsv'
[1.326s] INFO:colcon.colcon_core.shell:Creating package script '/home/soumoroy/cosmo_logic_ws/install/stage1/share/stage1/package.sh'
[1.326s] INFO:colcon.colcon_core.shell:Creating package script '/home/soumoroy/cosmo_logic_ws/install/stage1/share/stage1/package.bash'
[1.327s] INFO:colcon.colcon_core.shell:Creating package script '/home/soumoroy/cosmo_logic_ws/install/stage1/share/stage1/package.zsh'
[1.327s] Level 1:colcon.colcon_core.environment:create_file_with_runtime_dependencies(/home/soumoroy/cosmo_logic_ws/install/stage1/share/colcon-core/packages/stage1)
[1.327s] DEBUG:colcon.colcon_parallel_executor.executor.parallel:closing loop
[1.327s] DEBUG:colcon.colcon_parallel_executor.executor.parallel:loop closed
[1.328s] DEBUG:colcon.colcon_parallel_executor.executor.parallel:run_until_complete finished with '0'
[1.328s] DEBUG:colcon.colcon_core.event_reactor:joining thread
[1.333s] INFO:colcon.colcon_core.plugin_system:Skipping extension 'colcon_notification.desktop_notification.terminal_notifier': Not used on non-Darwin systems
[1.333s] INFO:colcon.colcon_core.plugin_system:Skipping extension 'colcon_notification.desktop_notification.win32': Not used on non-Windows systems
[1.333s] INFO:colcon.colcon_notification.desktop_notification:Sending desktop notification using 'notify2'
[1.355s] DEBUG:colcon.colcon_core.event_reactor:joined thread
[1.356s] INFO:colcon.colcon_core.shell:Creating prefix script '/home/soumoroy/cosmo_logic_ws/install/local_setup.ps1'
[1.357s] INFO:colcon.colcon_core.shell:Creating prefix util module '/home/soumoroy/cosmo_logic_ws/install/_local_setup_util_ps1.py'
[1.358s] INFO:colcon.colcon_core.shell:Creating prefix chain script '/home/soumoroy/cosmo_logic_ws/install/setup.ps1'
[1.359s] INFO:colcon.colcon_core.shell:Creating prefix script '/home/soumoroy/cosmo_logic_ws/install/local_setup.sh'
[1.360s] INFO:colcon.colcon_core.shell:Creating prefix util module '/home/soumoroy/cosmo_logic_ws/install/_local_setup_util_sh.py'
[1.360s] INFO:colcon.colcon_core.shell:Creating prefix chain script '/home/soumoroy/cosmo_logic_ws/install/setup.sh'
[1.362s] INFO:colcon.colcon_core.shell:Creating prefix script '/home/soumoroy/cosmo_logic_ws/install/local_setup.bash'
[1.362s] INFO:colcon.colcon_core.shell:Creating prefix chain script '/home/soumoroy/cosmo_logic_ws/install/setup.bash'
[1.363s] INFO:colcon.colcon_core.shell:Creating prefix script '/home/soumoroy/cosmo_logic_ws/install/local_setup.zsh'
[1.364s] INFO:colcon.colcon_core.shell:Creating prefix chain script '/home/soumoroy/cosmo_logic_ws/install/setup.zsh'
