running develop
running egg_info
creating stage1.egg-info
writing stage1.egg-info/PKG-INFO
writing dependency_links to stage1.egg-info/dependency_links.txt
writing entry points to stage1.egg-info/entry_points.txt
writing requirements to stage1.egg-info/requires.txt
writing top-level names to stage1.egg-info/top_level.txt
writing manifest file 'stage1.egg-info/SOURCES.txt'
reading manifest file 'stage1.egg-info/SOURCES.txt'
writing manifest file 'stage1.egg-info/SOURCES.txt'
running build_ext
Creating /home/soumoroy/cosmo_logic_ws/install/stage1/lib/python3.10/site-packages/stage1.egg-link (link to .)

Installed /home/soumoroy/cosmo_logic_ws/build/stage1
running install_data
creating /home/soumoroy/cosmo_logic_ws/install/stage1/share/ament_index
creating /home/soumoroy/cosmo_logic_ws/install/stage1/share/ament_index/resource_index
creating /home/soumoroy/cosmo_logic_ws/install/stage1/share/ament_index/resource_index/packages
copying resource/stage1 -> /home/soumoroy/cosmo_logic_ws/install/stage1/share/ament_index/resource_index/packages
copying package.xml -> /home/soumoroy/cosmo_logic_ws/install/stage1/share/stage1
